<?xml version="1.0" encoding="UTF-8"?>
<testsuite xmlns:xsi="http://www.w3.org/2001/XMLSchema-instance" xsi:noNamespaceSchemaLocation="https://maven.apache.org/surefire/maven-surefire-plugin/xsd/surefire-test-report.xsd" version="3.0.1" name="com.BuildDetailServletTest" time="1.535" tests="5" errors="0" skipped="0" failures="0">
  <properties>
[...]
</properties>
  <testcase name="testDoGet_whenWriterThrowsException" classname="com.BuildDetailServletTest" time="1.139"/>
  <testcase name="testDoGet_statusFound" classname="com.BuildDetailServletTest" time="0.352"/>
  <testcase name="testDoGet_nullIdParameter" classname="com.BuildDetailServletTest" time="0.003"/>
  <testcase name="testDoGet_statusNotFound" classname="com.BuildDetailServletTest" time="0.003"/>
  <testcase name="testDoGet_statusFound_withNullFields" classname="com.BuildDetailServletTest" time="0.011"/>
</testsuite>