<?xml version="1.0" encoding="UTF-8"?>
<testsuite xmlns:xsi="http://www.w3.org/2001/XMLSchema-instance" xsi:noNamespaceSchemaLocation="https://maven.apache.org/surefire/maven-surefire-plugin/xsd/surefire-test-report.xsd" version="3.0.1" name="com.GithubWebhookTestPhaseAndCompilePhaseTest" time="0.008" tests="4" errors="0" skipped="0" failures="0">
  <properties>
[...]
</properties>
  <testcase name="testRunCompilePhaseSuccess" classname="com.GithubWebhookTestPhaseAndCompilePhaseTest" time="0.005">
    <system-out><![CDATA[Starting compile phase...
Compile phase exit code: 0
Compile output:
Compilation successful.
]]></system-out>
  </testcase>
  <testcase name="testRunTestPhaseSuccess" classname="com.GithubWebhookTestPhaseAndCompilePhaseTest" time="0.001">
    <system-out><![CDATA[Starting test phase...
Test phase exit code: 0
Test output:
Tests passed successfully.
]]></system-out>
  </testcase>
  <testcase name="testRunCompilePhaseFailure" classname="com.GithubWebhookTestPhaseAndCompilePhaseTest" time="0.001">
    <system-out><![CDATA[Starting compile phase...
Compile phase exit code: 1
Compile output:
Compilation error.
]]></system-out>
  </testcase>
  <testcase name="testRunTestPhaseFailure" classname="com.GithubWebhookTestPhaseAndCompilePhaseTest" time="0.001">
    <system-out><![CDATA[Starting test phase...
Test phase exit code: 1
Test output:
Test failures occurred.
]]></system-out>
  </testcase>
</testsuite>